<?xml version="1.0" encoding="UTF-8"?>
<testng-results skipped="0" failed="0" ignored="0" total="1" passed="1">
  <reporter-output>
    <line>
      <![CDATA[No of rows in TCSheet::4    No of rows in TSSheet::10]]>
    </line>
    <line>
      <![CDATA[Login success::adminflow      http://primusbank.qedgetech.com/adminflow.aspx]]>
    </line>
    <line>
      <![CDATA[Logout success]]>
    </line>
    <line>
      <![CDATA[Login success::adminflow      http://primusbank.qedgetech.com/adminflow.aspx]]>
    </line>
    <line>
      <![CDATA[New Branch with id 127 created Sucessfully]]>
    </line>
    <line>
      <![CDATA[Logout success]]>
    </line>
    <line>
      <![CDATA[Login success::adminflow      http://primusbank.qedgetech.com/adminflow.aspx]]>
    </line>
    <line>
      <![CDATA[Branch updated Sucessfully]]>
    </line>
    <line>
      <![CDATA[Logout success]]>
    </line>
  </reporter-output>
  <suite name="FrameWork" duration-ms="58593" started-at="2022-08-15T00:07:50Z" finished-at="2022-08-15T00:08:49Z">
    <groups>
    </groups>
    <test name="HybridResults" duration-ms="58593" started-at="2022-08-15T00:07:50Z" finished-at="2022-08-15T00:08:49Z">
      <class name="driverFactory.DriverScript">
        <test-method status="PASS" signature="setup()[pri:0, instance:driverFactory.DriverScript@3d299e3]" name="setup" is-config="true" duration-ms="11922" started-at="2022-08-15T00:07:38Z" finished-at="2022-08-15T00:07:50Z">
          <reporter-output>
          </reporter-output>
        </test-method> <!-- setup -->
        <test-method status="PASS" signature="startTest()[pri:0, instance:driverFactory.DriverScript@3d299e3]" name="startTest" duration-ms="57840" started-at="2022-08-15T00:07:51Z" finished-at="2022-08-15T00:08:49Z">
          <reporter-output>
            <line>
              <![CDATA[No of rows in TCSheet::4    No of rows in TSSheet::10]]>
            </line>
            <line>
              <![CDATA[Login success::adminflow      http://primusbank.qedgetech.com/adminflow.aspx]]>
            </line>
            <line>
              <![CDATA[Logout success]]>
            </line>
            <line>
              <![CDATA[Login success::adminflow      http://primusbank.qedgetech.com/adminflow.aspx]]>
            </line>
            <line>
              <![CDATA[New Branch with id 127 created Sucessfully]]>
            </line>
            <line>
              <![CDATA[Logout success]]>
            </line>
            <line>
              <![CDATA[Login success::adminflow      http://primusbank.qedgetech.com/adminflow.aspx]]>
            </line>
            <line>
              <![CDATA[Branch updated Sucessfully]]>
            </line>
            <line>
              <![CDATA[Logout success]]>
            </line>
          </reporter-output>
        </test-method> <!-- startTest -->
        <test-method status="PASS" signature="teardown()[pri:0, instance:driverFactory.DriverScript@3d299e3]" name="teardown" is-config="true" duration-ms="4333" started-at="2022-08-15T00:08:49Z" finished-at="2022-08-15T00:08:53Z">
          <reporter-output>
          </reporter-output>
        </test-method> <!-- teardown -->
      </class> <!-- driverFactory.DriverScript -->
    </test> <!-- HybridResults -->
  </suite> <!-- FrameWork -->
</testng-results>
